#
# There is insufficient memory for the Java Runtime Environment to continue.
# Native memory allocation (malloc) failed to allocate 1048576 bytes for AllocateHeap
# Possible reasons:
#   The system is out of physical RAM or swap space
#   In 32 bit mode, the process size limit was hit
# Possible solutions:
#   Reduce memory load on the system
#   Increase physical memory or swap space
#   Check if swap backing store is full
#   Use 64 bit Java on a 64 bit OS
#   Decrease Java heap size (-Xmx/-Xms)
#   Decrease number of Java threads
#   Decrease Java thread stack sizes (-Xss)
#   Set larger code cache with -XX:ReservedCodeCacheSize=
# This output file may be truncated or incomplete.
#
#  Out of Memory Error (memory/allocation.inline.hpp:61), pid=9156, tid=0x00000000000005ec
#
# JRE version:  (8.0_131-b11) (build )
# Java VM: Java HotSpot(TM) 64-Bit Server VM (25.131-b11 mixed mode windows-amd64 compressed oops)
# Failed to write core dump. Minidumps are not enabled by default on client versions of Windows
#

---------------  T H R E A D  ---------------

Current thread (0x0000000002912800):  JavaThread "Unknown thread" [_thread_in_vm, id=1516, stack(0x0000000002760000,0x0000000002860000)]

Stack: [0x0000000002760000,0x0000000002860000]
[error occurred during error reporting (printing stack bounds), id 0xc0000005]

Native frames: (J=compiled Java code, j=interpreted, Vv=VM code, C=native code)


---------------  P R O C E S S  ---------------

Java Threads: ( => current thread )

Other Threads:

=>0x0000000002912800 (exited) JavaThread "Unknown thread" [_thread_in_vm, id=1516, stack(0x0000000002760000,0x0000000002860000)]

VM state:not at safepoint (normal execution)

VM Mutex/Monitor currently owned by a thread: None

Heap:
 PSYoungGen      total 75776K, used 1300K [0x000000076ba00000, 0x0000000770e80000, 0x00000007c0000000)
  eden space 65024K, 2% used [0x000000076ba00000,0x000000076bb451f8,0x000000076f980000)
  from space 10752K, 0% used [0x0000000770400000,0x0000000770400000,0x0000000770e80000)
  to   space 10752K, 0% used [0x000000076f980000,0x000000076f980000,0x0000000770400000)
 ParOldGen       total 173568K, used 0K [0x00000006c2e00000, 0x00000006cd780000, 0x000000076ba00000)
  object space 173568K, 0% used [0x00000006c2e00000,0x00000006c2e00000,0x00000006cd780000)
 Metaspace       used 746K, capacity 4480K, committed 4480K, reserved 1056768K
  class space    used 75K, capacity 384K, committed 384K, reserved 1048576K

Card table byte_map: [0x0000000011dd0000,0x00000000125c0000] byte_map_base: 0x000000000e7b9000

Marking Bits: (ParMarkBitMap*) 0x000000007511c720
 Begin Bits: [0x0000000013310000, 0x0000000017258000)
 End Bits:   [0x0000000017258000, 0x000000001b1a0000)

Polling page: 0x0000000000ee0000

CodeCache: size=245760Kb used=328Kb max_used=328Kb free=245431Kb
 bounds [0x0000000002a10000, 0x0000000002c80000, 0x0000000011a10000]
 total_blobs=58 nmethods=0 adapters=38
 compilation: enabled

Compilation events (0 events):
No events

GC Heap History (0 events):
No events

Deoptimization events (0 events):
No events

Internal exceptions (0 events):
No events

Events (10 events):
Event: 0.024 loading class java/lang/Short
Event: 0.024 loading class java/lang/Short done
Event: 0.024 loading class java/lang/Integer
Event: 0.024 loading class java/lang/Integer done
Event: 0.024 loading class java/lang/Long
Event: 0.024 loading class java/lang/Long done
Event: 0.025 loading class java/lang/NullPointerException
Event: 0.025 loading class java/lang/NullPointerException done
Event: 0.025 loading class java/lang/ArithmeticException
Event: 0.025 loading class java/lang/ArithmeticException done


Dynamic libraries:
0x00007ff668730000 - 0x00007ff668767000 	C:\Program Files\Java\jre1.8.0_131\bin\javaw.exe
0x00007ffc1e540000 - 0x00007ffc1e71b000 	C:\WINDOWS\SYSTEM32\ntdll.dll
0x00007ffc1d160000 - 0x00007ffc1d20e000 	C:\WINDOWS\System32\KERNEL32.DLL
0x00007ffc1b850000 - 0x00007ffc1ba99000 	C:\WINDOWS\System32\KERNELBASE.dll
0x00007ffc1d300000 - 0x00007ffc1d3a1000 	C:\WINDOWS\System32\ADVAPI32.dll
0x00007ffc1df10000 - 0x00007ffc1dfad000 	C:\WINDOWS\System32\msvcrt.dll
0x00007ffc1d950000 - 0x00007ffc1d9a9000 	C:\WINDOWS\System32\sechost.dll
0x00007ffc1cee0000 - 0x00007ffc1d005000 	C:\WINDOWS\System32\RPCRT4.dll
0x00007ffc1d4c0000 - 0x00007ffc1d60a000 	C:\WINDOWS\System32\USER32.dll
0x00007ffc1aab0000 - 0x00007ffc1aace000 	C:\WINDOWS\System32\win32u.dll
0x00007ffc1d270000 - 0x00007ffc1d297000 	C:\WINDOWS\System32\GDI32.dll
0x00007ffc1b6c0000 - 0x00007ffc1b848000 	C:\WINDOWS\System32\gdi32full.dll
0x00007ffc1b5b0000 - 0x00007ffc1b64a000 	C:\WINDOWS\System32\msvcp_win.dll
0x00007ffc1b4b0000 - 0x00007ffc1b5a6000 	C:\WINDOWS\System32\ucrtbase.dll
0x00007ffc0fce0000 - 0x00007ffc0ff47000 	C:\WINDOWS\WinSxS\amd64_microsoft.windows.common-controls_6595b64144ccf1df_6.0.15063.0_none_108e4f62dfe5d999\COMCTL32.dll
0x00007ffc1e240000 - 0x00007ffc1e539000 	C:\WINDOWS\System32\combase.dll
0x00007ffc1b650000 - 0x00007ffc1b6ba000 	C:\WINDOWS\System32\bcryptPrimitives.dll
0x00007ffc1d780000 - 0x00007ffc1d7ad000 	C:\WINDOWS\System32\IMM32.DLL
0x00000000762d0000 - 0x00000000763a2000 	C:\Program Files\Java\jre1.8.0_131\bin\msvcr100.dll
0x0000000074900000 - 0x000000007519c000 	C:\Program Files\Java\jre1.8.0_131\bin\server\jvm.dll
0x00007ffc1e210000 - 0x00007ffc1e218000 	C:\WINDOWS\System32\PSAPI.DLL
0x00007ffc12c60000 - 0x00007ffc12c83000 	C:\WINDOWS\SYSTEM32\WINMM.dll
0x00007ffc16c70000 - 0x00007ffc16c79000 	C:\WINDOWS\SYSTEM32\WSOCK32.dll
0x00007ffc15d60000 - 0x00007ffc15d6a000 	C:\WINDOWS\SYSTEM32\VERSION.dll
0x00007ffc1d0f0000 - 0x00007ffc1d15c000 	C:\WINDOWS\System32\WS2_32.dll
0x00007ffc12c30000 - 0x00007ffc12c5b000 	C:\WINDOWS\SYSTEM32\winmmbase.dll
0x00007ffc1aa60000 - 0x00007ffc1aaa9000 	C:\WINDOWS\System32\cfgmgr32.dll
0x0000000076480000 - 0x000000007648f000 	C:\Program Files\Java\jre1.8.0_131\bin\verify.dll
0x0000000076450000 - 0x0000000076479000 	C:\Program Files\Java\jre1.8.0_131\bin\java.dll
0x0000000076430000 - 0x0000000076446000 	C:\Program Files\Java\jre1.8.0_131\bin\zip.dll

VM Arguments:
jvm_args: -Djava.library.path=C:\Users\Jan\Desktop\Hochschule\SS17_17\Informatik 3\dll -Dfile.encoding=Cp1252 
java_command: Aufgaben.ControlDeveloper
java_class_path (initial): D:\Documents\Studium\3. Semester\Informatik\SS_17_Praktikum\Info_3\Aufgabenblatt_1\bin;D:\Documents\Studium\3. Semester\Informatik\SS_17_Praktikum\Info_3\Aufgabenblatt_1\lib\controldeveloper.jar;D:\Documents\Studium\3. Semester\Informatik\SS_17_Praktikum\Info_3\Aufgabenblatt_1\lib\jSerialComm-1.3.9.jar;D:\Documents\Studium\3. Semester\Informatik\SS_17_Praktikum\Info_3\Aufgabenblatt_1\lib\RXTXcomm.jar
Launcher Type: SUN_STANDARD

Environment Variables:
PATH=C:/Program Files/Java/jre1.8.0_131/bin/server;C:/Program Files/Java/jre1.8.0_131/bin;C:/Program Files/Java/jre1.8.0_131/lib/amd64;C:\ProgramData\Oracle\Java\javapath;C:\PROGRAM FILES\DELL\DW WLAN CARD;C:\WINDOWS\SYSTEM32;C:\WINDOWS;C:\WINDOWS\SYSTEM32\WBEM;C:\WINDOWS\SYSTEM32\WINDOWSPOWERSHELL\V1.0\;C:\PROGRAM FILES (X86)\COMMON FILES\ACRONIS\VIRTUALFILE\;C:\PROGRAM FILES (X86)\COMMON FILES\ACRONIS\VIRTUALFILE64\;C:\PROGRAM FILES (X86)\COMMON FILES\ACRONIS\SNAPAPI\;C:\PROGRAM FILES\MICROSOFT SQL SERVER\120\TOOLS\BINN\;C:\PROGRAM FILES\MICROSOFT SQL SERVER\130\TOOLS\BINN\;C:\PROGRAM FILES (X86)\WINDOWS KITS\8.1\WINDOWS PERFORMANCE TOOLKIT\;C:\PROGRAM FILES\MICROSOFT\WEB PLATFORM INSTALLER\;C:\PROGRAM FILES\MICROSOFT DNX\DNVM\;C:\Program Files\WIDCOMM\Bluetooth Software\;C:\Program Files\WIDCOMM\Bluetooth Software\syswow64;C:\Program Files\dotnet\;C:\Program Files (x86)\Microsoft SQL Server\110\DTS\Binn\;C:\Program Files (x86)\Microsoft SQL Server\120\DTS\Binn\;C:\Program Files (x86)\Microsoft SQL Server\130\DTS\Binn\;C:\Program Files\MATLAB\R2016b\runtime\win64;C:\Program Files\MATLAB\R2016b\bin;C:\Program Files\MATLAB\R2016b\polyspace\bin;C:\Program Files (x86)\NVIDIA Corporation\PhysX\Common;c:\iverilog\bin;c:\iverilog\gtkwave\bin;C:\WINDOWS\system32;C:\WINDOWS;C:\WINDOWS\System32\Wbem;C:\WINDOWS\System32\WindowsPowerShell\v1.0\;C:\Users\Andreas Sautter.DESKTOP-PH122TD\AppData\Local\Microsoft\WindowsApps;;C:\WINDOWS\system32;
USERNAME=Andreas Sautter
OS=Windows_NT
PROCESSOR_IDENTIFIER=Intel64 Family 6 Model 94 Stepping 3, GenuineIntel



---------------  S Y S T E M  ---------------

OS: Windows 10.0 , 64 bit Build 15063 (10.0.15063.296)

CPU:total 8 (initial active 8) (4 cores per cpu, 2 threads per core) family 6 model 94 stepping 3, cmov, cx8, fxsr, mmx, sse, sse2, sse3, ssse3, sse4.1, sse4.2, popcnt, avx, avx2, aes, clmul, erms, rtm, 3dnowpref, lzcnt, ht, tsc, tscinvbit, bmi1, bmi2, adx

Memory: 4k page, physical 16584480k(8792016k free), swap 19575584k(5904k free)

vm_info: Java HotSpot(TM) 64-Bit Server VM (25.131-b11) for windows-amd64 JRE (1.8.0_131-b11), built on Mar 15 2017 01:23:53 by "java_re" with MS VC++ 10.0 (VS2010)

time: Thu Jun 29 16:56:47 2017
elapsed time: 0 seconds (0d 0h 0m 0s)

